<?xml version="1.0" encoding="UTF-8"?>
<testsuite xmlns:xsi="http://www.w3.org/2001/XMLSchema-instance" xsi:noNamespaceSchemaLocation="https://maven.apache.org/surefire/maven-surefire-plugin/xsd/surefire-test-report-3.0.xsd" version="3.0" name="sn.ept.git.seminaire.cicd.cucumber.CucumberRunner" time="0.93" tests="48" errors="0" skipped="48" failures="0">
  <properties>
[...]
</properties>
  <testcase name="Add tag should return 201" classname="BDD Scenarios of Tag API - Add Tag" time="0.0">
    <skipped message="&apos;cucumber.filter.tags=@CucumberStepITag&apos; did not match this scenario"/>
  </testcase>
  <testcase name="Add tag with null name should return 400" classname="BDD Scenarios of Tag API - Add Tag" time="0.0">
    <skipped message="&apos;cucumber.filter.tags=@CucumberStepITag&apos; did not match this scenario"/>
  </testcase>
  <testcase name="Add tag with null color should return 400" classname="BDD Scenarios of Tag API - Add Tag" time="0.0">
    <skipped message="&apos;cucumber.filter.tags=@CucumberStepITag&apos; did not match this scenario"/>
  </testcase>
  <testcase name="Example #1.1" classname="Examples" time="0.0">
    <skipped message="&apos;cucumber.filter.tags=@CucumberStepITag&apos; did not match this scenario"/>
  </testcase>
  <testcase name="Example #1.1" classname="Examples" time="0.0">
    <skipped message="&apos;cucumber.filter.tags=@CucumberStepITag&apos; did not match this scenario"/>
  </testcase>
  <testcase name="Example #1.1" classname="Examples" time="0.0">
    <skipped message="&apos;cucumber.filter.tags=@CucumberStepITag&apos; did not match this scenario"/>
  </testcase>
  <testcase name="Example #1.1" classname="Examples" time="0.0">
    <skipped message="&apos;cucumber.filter.tags=@CucumberStepITag&apos; did not match this scenario"/>
  </testcase>
  <testcase name="Example #1.1" classname="Examples" time="0.0">
    <skipped message="&apos;cucumber.filter.tags=@CucumberStepITag&apos; did not match this scenario"/>
  </testcase>
  <testcase name="Example #1.1" classname="Examples" time="0.0">
    <skipped message="&apos;cucumber.filter.tags=@CucumberStepITag&apos; did not match this scenario"/>
  </testcase>
  <testcase name="Example #1.2" classname="Examples" time="0.0">
    <skipped message="&apos;cucumber.filter.tags=@CucumberStepITag&apos; did not match this scenario"/>
  </testcase>
  <testcase name="Example #1.2" classname="Examples" time="0.0">
    <skipped message="&apos;cucumber.filter.tags=@CucumberStepITag&apos; did not match this scenario"/>
  </testcase>
  <testcase name="Example #1.2" classname="Examples" time="0.0">
    <skipped message="&apos;cucumber.filter.tags=@CucumberStepITag&apos; did not match this scenario"/>
  </testcase>
  <testcase name="Example #1.2" classname="Examples" time="0.0">
    <skipped message="&apos;cucumber.filter.tags=@CucumberStepITag&apos; did not match this scenario"/>
  </testcase>
  <testcase name="Delete tag should return 204" classname="BDD Scenarios of Tag API - Delete Tag" time="0.0">
    <skipped message="&apos;cucumber.filter.tags=@CucumberStepITag&apos; did not match this scenario"/>
  </testcase>
  <testcase name="Delete tag with invalid id should return 404" classname="BDD Scenarios of Tag API - Delete Tag" time="0.0">
    <skipped message="&apos;cucumber.filter.tags=@CucumberStepITag&apos; did not match this scenario"/>
  </testcase>
  <testcase name="Find all tags with pagination and sorting" classname="BDD Scenarios of Tag API - Find All" time="0.0">
    <skipped message="&apos;cucumber.filter.tags=@CucumberStepITag&apos; did not match this scenario"/>
  </testcase>
  <testcase name="Find all tags with no match should return empty list" classname="BDD Scenarios of Tag API - Find All" time="0.0">
    <skipped message="&apos;cucumber.filter.tags=@CucumberStepITag&apos; did not match this scenario"/>
  </testcase>
  <testcase name="Find by id should return 200" classname="BDD Scenarios of Tag API - Find By ID" time="0.0">
    <skipped message="&apos;cucumber.filter.tags=@CucumberStepITag&apos; did not match this scenario"/>
  </testcase>
  <testcase name="Find by id with bad id should return 404" classname="BDD Scenarios of Tag API - Find By ID" time="0.0">
    <skipped message="&apos;cucumber.filter.tags=@CucumberStepITag&apos; did not match this scenario"/>
  </testcase>
  <testcase name="Update tag should return 200" classname="BDD Scenarios of Tag API - Update Tag" time="0.0">
    <skipped message="&apos;cucumber.filter.tags=@CucumberStepITag&apos; did not match this scenario"/>
  </testcase>
  <testcase name="Update tag with invalid id should return 404" classname="BDD Scenarios of Tag API - Update Tag" time="0.0">
    <skipped message="&apos;cucumber.filter.tags=@CucumberStepITag&apos; did not match this scenario"/>
  </testcase>
  <testcase name="Update tag with null name should return 400" classname="BDD Scenarios of Tag API - Update Tag" time="0.0">
    <skipped message="&apos;cucumber.filter.tags=@CucumberStepITag&apos; did not match this scenario"/>
  </testcase>
  <testcase name="AAdd todo should return 200" classname="BDD Scenarios of Todo API - Add Todo" time="0.0">
    <skipped message="&apos;cucumber.filter.tags=@CucumberStepITag&apos; did not match this scenario"/>
  </testcase>
  <testcase name="Add todo with null title should return 400" classname="BDD Scenarios of Todo API - Add Todo" time="0.0">
    <skipped message="&apos;cucumber.filter.tags=@CucumberStepITag&apos; did not match this scenario"/>
  </testcase>
  <testcase name="AAdd todo with dateDebut null should return 400" classname="BDD Scenarios of Todo API - Add Todo" time="0.0">
    <skipped message="&apos;cucumber.filter.tags=@CucumberStepITag&apos; did not match this scenario"/>
  </testcase>
  <testcase name="AAdd todo with dateFin null should return 400" classname="BDD Scenarios of Todo API - Add Todo" time="0.0">
    <skipped message="&apos;cucumber.filter.tags=@CucumberStepITag&apos; did not match this scenario"/>
  </testcase>
  <testcase name="Add todo with dateDebut in the pass should return 400" classname="BDD Scenarios of Todo API - Add Todo" time="0.0">
    <skipped message="&apos;cucumber.filter.tags=@CucumberStepITag&apos; did not match this scenario"/>
  </testcase>
  <testcase name="Add todo with dateFin in the pass should return 400" classname="BDD Scenarios of Todo API - Add Todo" time="0.0">
    <skipped message="&apos;cucumber.filter.tags=@CucumberStepITag&apos; did not match this scenario"/>
  </testcase>
  <testcase name="Add todo with dateDebut after dateFin should return 400" classname="BDD Scenarios of Todo API - Add Todo" time="0.0">
    <skipped message="&apos;cucumber.filter.tags=@CucumberStepITag&apos; did not match this scenario"/>
  </testcase>
  <testcase name="Complete an existing todo should return 202" classname="BDD Scenarios of Todo API - Complete Todo" time="0.0">
    <skipped message="&apos;cucumber.filter.tags=@CucumberStepITag&apos; did not match this scenario"/>
  </testcase>
  <testcase name="Complete an non existing todo should return 404" classname="BDD Scenarios of Todo API - Complete Todo" time="0.0">
    <skipped message="&apos;cucumber.filter.tags=@CucumberStepITag&apos; did not match this scenario"/>
  </testcase>
  <testcase name="Delete an existing todo should return 204" classname="BDD Scenarios of Todo API - Delete Todo" time="0.0">
    <skipped message="&apos;cucumber.filter.tags=@CucumberStepITag&apos; did not match this scenario"/>
  </testcase>
  <testcase name="Delete an non existing todo should return 404" classname="BDD Scenarios of Todo API - Delete Todo" time="0.0">
    <skipped message="&apos;cucumber.filter.tags=@CucumberStepITag&apos; did not match this scenario"/>
  </testcase>
  <testcase name="Find all should return correct page" classname="BDD Scenarios of Todo API - Find All Todos" time="0.0">
    <skipped message="&apos;cucumber.filter.tags=@CucumberStepITag&apos; did not match this scenario"/>
  </testcase>
  <testcase name="Find all should return empty page" classname="BDD Scenarios of Todo API - Find All Todos" time="0.0">
    <skipped message="&apos;cucumber.filter.tags=@CucumberStepITag&apos; did not match this scenario"/>
  </testcase>
  <testcase name="Find all with negative page should return error" classname="BDD Scenarios of Todo API - Find All Todos" time="0.0">
    <skipped message="&apos;cucumber.filter.tags=@CucumberStepITag&apos; did not match this scenario"/>
  </testcase>
  <testcase name="Find all with size less than 1 should return error" classname="BDD Scenarios of Todo API - Find All Todos" time="0.0">
    <skipped message="&apos;cucumber.filter.tags=@CucumberStepITag&apos; did not match this scenario"/>
  </testcase>
  <testcase name="Find all with size too large should return error" classname="BDD Scenarios of Todo API - Find All Todos" time="0.0">
    <skipped message="&apos;cucumber.filter.tags=@CucumberStepITag&apos; did not match this scenario"/>
  </testcase>
  <testcase name="Find by existing id should return corresponding todo" classname="BDD Scenarios of Todo API - Find Todo By Id" time="0.0">
    <skipped message="&apos;cucumber.filter.tags=@CucumberStepITag&apos; did not match this scenario"/>
  </testcase>
  <testcase name="Find by id with an non existing id should return 404" classname="BDD Scenarios of Todo API - Find Todo By Id" time="0.0">
    <skipped message="&apos;cucumber.filter.tags=@CucumberStepITag&apos; did not match this scenario"/>
  </testcase>
  <testcase name="Update an existing todo should return 202" classname="BDD Scenarios of Todo API - Update Todo" time="0.0">
    <skipped message="&apos;cucumber.filter.tags=@CucumberStepITag&apos; did not match this scenario"/>
  </testcase>
  <testcase name="Update an non existing todo should return 404" classname="BDD Scenarios of Todo API - Update Todo" time="0.0">
    <skipped message="&apos;cucumber.filter.tags=@CucumberStepITag&apos; did not match this scenario"/>
  </testcase>
  <testcase name="Update todo with null title should return 400" classname="BDD Scenarios of Todo API - Update Todo" time="0.0">
    <skipped message="&apos;cucumber.filter.tags=@CucumberStepITag&apos; did not match this scenario"/>
  </testcase>
  <testcase name="Update an existing todo with dateDebut null should return 400" classname="BDD Scenarios of Todo API - Update Todo" time="0.0">
    <skipped message="&apos;cucumber.filter.tags=@CucumberStepITag&apos; did not match this scenario"/>
  </testcase>
  <testcase name="Update an existing todo with dateFin null should return 400" classname="BDD Scenarios of Todo API - Update Todo" time="0.0">
    <skipped message="&apos;cucumber.filter.tags=@CucumberStepITag&apos; did not match this scenario"/>
  </testcase>
  <testcase name="Update an existing todo with dateDebut in the pass should return 400" classname="BDD Scenarios of Todo API - Update Todo" time="0.0">
    <skipped message="&apos;cucumber.filter.tags=@CucumberStepITag&apos; did not match this scenario"/>
  </testcase>
  <testcase name="Update an existing todo with dateFin in the pass should return 400" classname="BDD Scenarios of Todo API - Update Todo" time="0.0">
    <skipped message="&apos;cucumber.filter.tags=@CucumberStepITag&apos; did not match this scenario"/>
  </testcase>
  <testcase name="Update an existing todo with dateDebut after dateFin should return 400" classname="BDD Scenarios of Todo API - Update Todo" time="0.0">
    <skipped message="&apos;cucumber.filter.tags=@CucumberStepITag&apos; did not match this scenario"/>
  </testcase>
</testsuite>